 *** BEGIN MESSAGE ECHO (NIFIMP) 


 *** END MESSAGE ECHO (NIFIMP) 

Beginning Analysis

 *** START OF CONTROL FILE ECHO ***
 $ sysfield=SCR*(RAW=YES,BUFFIO=YES,wnum=16,wsize=16mb) $(d:/program files/msc.software/patran_x64/2020/mscnastran_files/20200/servermode/conf/nast20200.rcf[2])
 $ sysfield=DBALL(RAW=YES,BUFFIO=YES,wnum=16,wsize=16mb) $(d:/program files/msc.software/patran_x64/2020/mscnastran_files/20200/servermode/conf/nast20200.rcf[3])
 $sdir=C:\SCRATCH $(d:/program files/msc.software/patran_x64/2020/mscnastran_files/20200/servermode/conf/nast20200.rcf[8])
 Nastran SYSTEM(444)=6 $([5])
 JID='c:/users/chen kenan/desktop/allinone/latest_222223024.bdf'
 OUT='./latest_222223024'
 MEM=740MB      $
 MACH='Intel'
 OPER='Windows 10 Education'
 OSV='6.2 9200'
 MODEL='Xeon/6733 (DESKTOP-6107O0O)'
 CONFIG=6
 NPROC=16
 symbol=DELDIR='d:/program files/msc.software/patran_x64/2020/mscnastran_files/20200/servermode/msc20200/nast/del' $(program default)
 symbol=DEMODIR='d:/program files/msc.software/patran_x64/2020/mscnastran_files/20200/servermode/msc20200/nast/demo' $(program default)
 symbol=MKL_INTERFACE_LAYER=ILP64 $(d:/program files/msc.software/patran_x64/2020/mscnastran_files/20200/servermode/conf/nast20200.rcf[1])
 symbol=SSSALTERDIR='d:/program files/msc.software/patran_x64/2020/mscnastran_files/20200/servermode/msc20200/nast/sssalter' $(program default)
 symbol=TPLDIR='d:/program files/msc.software/patran_x64/2020/mscnastran_files/20200/servermode/msc20200/nast/tpl' $(program default)
 symbol=VENDBLASLIB=MSCblas.dll $(command line[7])
 SDIR='c:/users/chenke~1/appdata/local/temp/latest_222223024.T34716_26'
 DBS='./latest_222223024'
 SCR='no'
 SMEM=100
 BPOOL=150
 NEWDEL='d:/program files/msc.software/patran_x64/2020/mscnastran_files/20200/servermode/msc20200/win64i4/SSS'
 DEL='MSCDEF'
 AUTH='27500@localhost'
 AUTHQUE=20
 MSGCAT='d:/program files/msc.software/patran_x64/2020/mscnastran_files/20200/servermode/msc20200/win64i4/analysis.msg'
 MSGDEST='f06'
 *** END OF CONTROL FILE ECHO ***

1
 
 
 
 
                      Warning: This computer program is protected by copyright law and international treaties.       
                  Unauthorized use, reproduction or distribution of this computer program, or any portion of it, may 
                                          result in severe civil and criminal penalties.                             
                         Copyright (C) 2020 MSC Software Corporation and its licensors. All rights reserved.         
 
 
                                              * * * * * * * * * * * * * * * * * * * *
                                              * * * * * * * * * * * * * * * * * * * *
                                              * *                                 * *
                                              * *           MSC Software          * *
                                              * *               CORP              * *
                                              * *                                 * *
                                              * *      M S C   N a s t r a n      * *
                                              * *                                 * *
                                              * *                                 * *
                                              * *                                 * *
                                              * *     Version 2020SP1-CL749017    * *
                                              * *                                 * *
                                              * *                                 * *
                                              * *                                 * *
                                              * *          AUG  6, 2020           * *
                                              * *                                 * *
                                              * *              Intel              * *
                                              * *MODEL Xeon/6733 (DESKTOP-6107O0O * *
                                              * *  Windows 10 Education 6.2 9200  * *
                                              * *        Compiled for 8664        * *
                                              * *                                 * *
                                              * * * * * * * * * * * * * * * * * * * *
                                              * * * * * * * * * * * * * * * * * * * *
1                                                                             MARCH   3, 2025  MSC Nastran  8/ 6/20   PAGE     1
                                                                                                                                    
0        N A S T R A N    F I L E    A N D    S Y S T E M    P A R A M E T E R    E C H O                                           
0                                                                                                                                   
                                                                                                                                    
                                                                                                                                    
     $ SYSFIELD=SCR*(RAW=YES,BUFFIO=YES,WNUM=16,WSIZE=16MB) $(D:/PROGRAM FILES/MSC.SO
     $ SYSFIELD=DBALL(RAW=YES,BUFFIO=YES,WNUM=16,WSIZE=16MB) $(D:/PROGRAM FILES/MSC.S
     $SDIR=C:\SCRATCH $(D:/PROGRAM FILES/MSC.SOFTWARE/PATRAN_X64/2020/MSCNASTRAN_FILE
     NASTRAN SYSTEM(444)=6 $([5])                                                    
     $                                                                               
     $ ORIGINAL INPUT FILE: C:\USERS\CHEN KENAN\DESKTOP\ALLINONE\LATEST.BDF          
     $                                                                               
     NASTRAN  SYSTEM(316)=5 SYSTEM(357)=0 SYSTEM(732)=1                              
     INIT MASTER, LOGICAL=(MASTER(300000))                                           
1                                                                             MARCH   3, 2025  MSC Nastran  8/ 6/20   PAGE     2
                                                                                                                                    
0        N A S T R A N    E X E C U T I V E    C O N T R O L    E C H O                                                             
0                                                                                                                                   
                                                                                                                                    
                                                                                                                                    
     SOL NIFIMP3                                                                             
     COMPILE NIFIMP3 NOLIST                                                                  
     (SEE NASTRAN SOURCE PROGRAM COMPILATION FOR LISTING OF DMAP SEQUENCE)
     END $ NIFIMP                                                                            
     ALTER 'IFP1 .*/ICASECC.*' (1), 'IFP1 .*/ICASECC.*' (1) $                                
     IFP1     /ICASECC,IPCDB,IXYCDB,IPOSTCDB,IFORCE,,,                                       
              /S,N,NOGOIFP1/// $                                                             
     CEND                                                                                    
1                                                                             MARCH   3, 2025  MSC Nastran  8/ 6/20   PAGE     3
                                                                                                                                    
0                                                                                                                                   
0                                        C A S E    C O N T R O L    E C H O                                                        
                 COMMAND                                                                                                            
                 COUNT                                                                                                              
                  1      ECHO = NONE                                                                             
                  2      $ DIRECT TEXT INPUT FOR GLOBAL CASE CONTROL DATA                                        
                  3      SUBCASE 1                                                                               
                  4      $ SUBCASE NAME : 2                                                                      
                  5         SUBTITLE=2                                                                           
                  6         SPC = 2                                                                              
                  7         LOAD = 21                                                                            
                  8         DISPLACEMENT(SORT1,REAL)=ALL                                                         
                  9         SPCFORCES(SORT1,REAL)=ALL                                                            
                 10         STRESS(SORT1,REAL,VONMISES,BILIN)=ALL                                                
                 11      BEGIN BULK                                                                              
 *** USER WARNING MESSAGE 112 (SCA.MDSolver.Obj.InputFile:InputFile::read)
The include directory D:\Program Files\MSC.Software\Patran_x64\2020\mscnastran_files\20200\servermode\msc20200\\nast\\tpl\include is not readable.
 *** USER WARNING MESSAGE 112 (SCA.MDSolver.Obj.InputFile:InputFile::read)
The include directory D:\Program Files\MSC.Software\Patran_x64\2020\mscnastran_files\20200\servermode\msc20200\\nast\\tpl\include is not readable.
1                                                                             MARCH   3, 2025  MSC Nastran  8/ 6/20   PAGE     4
                                                                                                                                    
0                                                                                                                                   
                                        M O D E L   S U M M A R Y          BULK = 0
                                   ENTRY NAME        NUMBER OF ENTRIES
                                   ----------        -----------------
                                        CONM2                       20
                                       CQUAD4                     8115
                                       CTRIA3                       44
                                        FORCE                       20
                                         GRID                     8589
                                         LOAD                        1
                                         MAT1                        1
                                         MAT8                        1
                                       MDLPRM                        1
                                       MOMENT                       20
                                        PARAM                        3
                                        PCOMP                       40
                                       PLOAD4                     1526
                                       PSHELL                       11
                                         RBE3                       20
                                         SPC1                        1
                                       SPCADD                        1

 ^^^     
 ^^^ >>> IFP OPERATIONS COMPLETE <<< 
 ^^^     
